2026-02-05 14:22:51.287 [main] INFO  com.tareas.Main - Tareas
2026-02-05 14:22:51.289 [main] INFO  com.tareas.Main - 1. Registrar tarea
2026-02-05 14:22:51.290 [main] INFO  com.tareas.Main - 2. Listar tareas
2026-02-05 14:22:51.290 [main] INFO  com.tareas.Main - 3. Buscar por id tarea
2026-02-05 14:22:51.291 [main] INFO  com.tareas.Main - 4. Cambiar estado de tarea
2026-02-05 14:22:51.291 [main] INFO  com.tareas.Main - 5. Eliminar tarea por ID
2026-02-05 14:22:51.292 [main] INFO  com.tareas.Main - 6. Salir
2026-02-05 14:22:51.292 [main] INFO  com.tareas.Main - Selecciona opción
2026-02-05 14:36:16.761 [main] INFO  com.tareas.Main - Tareas
2026-02-05 14:36:16.764 [main] INFO  com.tareas.Main - 1. Registrar tarea
2026-02-05 14:36:16.765 [main] INFO  com.tareas.Main - 2. Listar tareas
2026-02-05 14:36:16.766 [main] INFO  com.tareas.Main - 3. Buscar por id tarea
2026-02-05 14:36:16.767 [main] INFO  com.tareas.Main - 4. Cambiar estado de tarea
2026-02-05 14:36:16.767 [main] INFO  com.tareas.Main - 5. Eliminar tarea por ID
2026-02-05 14:36:16.767 [main] INFO  com.tareas.Main - 6. Salir
2026-02-05 14:36:16.767 [main] INFO  com.tareas.Main - Selecciona opción
2026-02-05 14:36:29.115 [main] INFO  com.tareas.Main - Tareas
2026-02-05 14:36:29.123 [main] INFO  com.tareas.Main - 1. Registrar tarea
2026-02-05 14:36:29.125 [main] INFO  com.tareas.Main - 2. Listar tareas
2026-02-05 14:36:29.125 [main] INFO  com.tareas.Main - 3. Buscar por id tarea
2026-02-05 14:36:29.125 [main] INFO  com.tareas.Main - 4. Cambiar estado de tarea
2026-02-05 14:36:29.125 [main] INFO  com.tareas.Main - 5. Eliminar tarea por ID
2026-02-05 14:36:29.125 [main] INFO  com.tareas.Main - 6. Salir
2026-02-05 14:36:29.125 [main] INFO  com.tareas.Main - Selecciona opción
2026-02-05 14:38:51.975 [main] INFO  com.tareas.Main - Tareas
2026-02-05 14:38:51.980 [main] INFO  com.tareas.Main - 1. Registrar tarea
2026-02-05 14:38:51.981 [main] INFO  com.tareas.Main - 2. Listar tareas
2026-02-05 14:38:51.981 [main] INFO  com.tareas.Main - 3. Buscar por id tarea
2026-02-05 14:38:51.982 [main] INFO  com.tareas.Main - 4. Cambiar estado de tarea
2026-02-05 14:38:51.983 [main] INFO  com.tareas.Main - 5. Eliminar tarea por ID
2026-02-05 14:38:51.983 [main] INFO  com.tareas.Main - 6. Salir
2026-02-05 14:38:51.984 [main] INFO  com.tareas.Main - Selecciona opción
2026-02-05 14:39:39.435 [main] INFO  com.tareas.Main - Tareas
2026-02-05 14:39:39.439 [main] INFO  com.tareas.Main - 1. Registrar tarea
2026-02-05 14:39:39.440 [main] INFO  com.tareas.Main - 2. Listar tareas
2026-02-05 14:39:39.440 [main] INFO  com.tareas.Main - 3. Buscar por id tarea
2026-02-05 14:39:39.440 [main] INFO  com.tareas.Main - 4. Cambiar estado de tarea
2026-02-05 14:39:39.441 [main] INFO  com.tareas.Main - 5. Eliminar tarea por ID
2026-02-05 14:39:39.441 [main] INFO  com.tareas.Main - 6. Salir
2026-02-05 14:39:39.441 [main] INFO  com.tareas.Main - Selecciona opción
2026-02-05 14:40:01.012 [main] INFO  com.service.ServicioTareaI - Ingresa el id de la tarea a eliminar
2026-02-05 14:40:49.542 [main] INFO  com.tareas.Main - Tareas
2026-02-05 14:40:49.544 [main] INFO  com.tareas.Main - 1. Registrar tarea
2026-02-05 14:40:49.545 [main] INFO  com.tareas.Main - 2. Listar tareas
2026-02-05 14:40:49.546 [main] INFO  com.tareas.Main - 3. Buscar por id tarea
2026-02-05 14:40:49.546 [main] INFO  com.tareas.Main - 4. Cambiar estado de tarea
2026-02-05 14:40:49.546 [main] INFO  com.tareas.Main - 5. Eliminar tarea por ID
2026-02-05 14:40:49.547 [main] INFO  com.tareas.Main - 6. Salir
2026-02-05 14:40:49.547 [main] INFO  com.tareas.Main - Selecciona opción
2026-02-05 14:40:56.579 [main] INFO  com.service.ServicioTareaI - Ingresa la tarea a crear
2026-02-05 14:40:56.580 [main] INFO  com.service.ServicioTareaI - Ingresa el nombre de la tarea
2026-02-05 14:40:58.571 [main] INFO  com.service.ServicioTareaI - Ingresa el estado  de la tarea
2026-02-05 14:40:58.870 [main] INFO  com.tareas.Main - 1. Registrar tarea
2026-02-05 14:40:58.872 [main] INFO  com.tareas.Main - 2. Listar tareas
2026-02-05 14:40:58.872 [main] INFO  com.tareas.Main - 3. Buscar por id tarea
2026-02-05 14:40:58.872 [main] INFO  com.tareas.Main - 4. Cambiar estado de tarea
2026-02-05 14:40:58.874 [main] INFO  com.tareas.Main - 5. Eliminar tarea por ID
2026-02-05 14:40:58.874 [main] INFO  com.tareas.Main - 6. Salir
2026-02-05 14:40:58.875 [main] INFO  com.tareas.Main - Selecciona opción
2026-02-05 14:41:07.891 [main] INFO  com.service.ServicioTareaI - Ingresa el id de la tarea a eliminar
2026-02-05 14:41:08.820 [main] INFO  com.service.ServicioTareaI - tarea eliminada exitosamente
2026-02-05 14:41:08.820 [main] INFO  com.tareas.Main - 1. Registrar tarea
2026-02-05 14:41:08.821 [main] INFO  com.tareas.Main - 2. Listar tareas
2026-02-05 14:41:08.821 [main] INFO  com.tareas.Main - 3. Buscar por id tarea
2026-02-05 14:41:08.822 [main] INFO  com.tareas.Main - 4. Cambiar estado de tarea
2026-02-05 14:41:08.822 [main] INFO  com.tareas.Main - 5. Eliminar tarea por ID
2026-02-05 14:41:08.823 [main] INFO  com.tareas.Main - 6. Salir
2026-02-05 14:41:08.823 [main] INFO  com.tareas.Main - Selecciona opción
2026-02-05 14:42:57.717 [main] INFO  com.tareas.Main - Tareas
2026-02-05 14:42:57.721 [main] INFO  com.tareas.Main - 1. Registrar tarea
2026-02-05 14:42:57.722 [main] INFO  com.tareas.Main - 2. Listar tareas
2026-02-05 14:42:57.722 [main] INFO  com.tareas.Main - 3. Buscar por id tarea
2026-02-05 14:42:57.723 [main] INFO  com.tareas.Main - 4. Cambiar estado de tarea
2026-02-05 14:42:57.723 [main] INFO  com.tareas.Main - 5. Eliminar tarea por ID
2026-02-05 14:42:57.723 [main] INFO  com.tareas.Main - 6. Salir
2026-02-05 14:42:57.723 [main] INFO  com.tareas.Main - Selecciona opción
2026-02-05 14:43:28.333 [main] INFO  com.service.ServicioTareaI - Ingresa la tarea a crear
2026-02-05 14:43:28.334 [main] INFO  com.service.ServicioTareaI - Ingresa el nombre de la tarea
2026-02-05 14:43:38.189 [main] INFO  com.service.ServicioTareaI - Ingresa el estado  de la tarea
2026-02-05 14:43:42.660 [main] INFO  com.tareas.Main - 1. Registrar tarea
2026-02-05 14:43:42.661 [main] INFO  com.tareas.Main - 2. Listar tareas
2026-02-05 14:43:42.661 [main] INFO  com.tareas.Main - 3. Buscar por id tarea
2026-02-05 14:43:42.662 [main] INFO  com.tareas.Main - 4. Cambiar estado de tarea
2026-02-05 14:43:42.663 [main] INFO  com.tareas.Main - 5. Eliminar tarea por ID
2026-02-05 14:43:42.663 [main] INFO  com.tareas.Main - 6. Salir
2026-02-05 14:43:42.664 [main] INFO  com.tareas.Main - Selecciona opción
2026-02-05 14:44:24.013 [main] INFO  com.service.ServicioTareaI - Ingresa la tarea a crear
2026-02-05 14:44:24.014 [main] INFO  com.service.ServicioTareaI - Ingresa el nombre de la tarea
2026-02-05 14:44:46.299 [main] INFO  com.service.ServicioTareaI - Ingresa el estado  de la tarea
2026-02-05 14:44:50.501 [main] INFO  com.tareas.Main - 1. Registrar tarea
2026-02-05 14:44:50.502 [main] INFO  com.tareas.Main - 2. Listar tareas
2026-02-05 14:44:50.502 [main] INFO  com.tareas.Main - 3. Buscar por id tarea
2026-02-05 14:44:50.503 [main] INFO  com.tareas.Main - 4. Cambiar estado de tarea
2026-02-05 14:44:50.504 [main] INFO  com.tareas.Main - 5. Eliminar tarea por ID
2026-02-05 14:44:50.504 [main] INFO  com.tareas.Main - 6. Salir
2026-02-05 14:44:50.505 [main] INFO  com.tareas.Main - Selecciona opción
2026-02-05 14:44:53.819 [main] INFO  com.tareas.Main - Tarea id: 1, descripción: aprender a programar, estado: iniciando
2026-02-05 14:44:53.821 [main] INFO  com.tareas.Main - Tarea id: 2, descripción: crear taller java senior, estado: en proceso
2026-02-05 14:44:53.821 [main] INFO  com.tareas.Main - 1. Registrar tarea
2026-02-05 14:44:53.822 [main] INFO  com.tareas.Main - 2. Listar tareas
2026-02-05 14:44:53.823 [main] INFO  com.tareas.Main - 3. Buscar por id tarea
2026-02-05 14:44:53.823 [main] INFO  com.tareas.Main - 4. Cambiar estado de tarea
2026-02-05 14:44:53.824 [main] INFO  com.tareas.Main - 5. Eliminar tarea por ID
2026-02-05 14:44:53.826 [main] INFO  com.tareas.Main - 6. Salir
2026-02-05 14:44:53.827 [main] INFO  com.tareas.Main - Selecciona opción
2026-02-05 14:45:24.300 [main] INFO  com.tareas.Main - Ingrese el id de la tarea a buscar
2026-02-05 14:45:26.979 [main] INFO  com.tareas.Main - Tarea id: 1, descripción: aprender a programar, estado: iniciando
2026-02-05 14:45:26.980 [main] INFO  com.tareas.Main - 1. Registrar tarea
2026-02-05 14:45:26.981 [main] INFO  com.tareas.Main - 2. Listar tareas
2026-02-05 14:45:26.983 [main] INFO  com.tareas.Main - 3. Buscar por id tarea
2026-02-05 14:45:26.983 [main] INFO  com.tareas.Main - 4. Cambiar estado de tarea
2026-02-05 14:45:26.983 [main] INFO  com.tareas.Main - 5. Eliminar tarea por ID
2026-02-05 14:45:26.984 [main] INFO  com.tareas.Main - 6. Salir
2026-02-05 14:45:26.985 [main] INFO  com.tareas.Main - Selecciona opción
2026-02-05 14:45:52.052 [main] INFO  com.service.ServicioTareaI - Ingrese el id de la tarea a modificar
2026-02-05 14:45:54.564 [main] INFO  com.service.ServicioTareaI - Ingresa el nuevo estado de la tarea
2026-02-05 14:46:09.908 [main] INFO  com.service.ServicioTareaI - tarea eliminada exitosamente
2026-02-05 14:46:09.909 [main] INFO  com.tareas.Main - 1. Registrar tarea
2026-02-05 14:46:09.910 [main] INFO  com.tareas.Main - 2. Listar tareas
2026-02-05 14:46:09.911 [main] INFO  com.tareas.Main - 3. Buscar por id tarea
2026-02-05 14:46:09.911 [main] INFO  com.tareas.Main - 4. Cambiar estado de tarea
2026-02-05 14:46:09.912 [main] INFO  com.tareas.Main - 5. Eliminar tarea por ID
2026-02-05 14:46:09.913 [main] INFO  com.tareas.Main - 6. Salir
2026-02-05 14:46:09.914 [main] INFO  com.tareas.Main - Selecciona opción
2026-02-05 14:47:00.250 [main] INFO  com.tareas.Main - Tareas
2026-02-05 14:47:00.254 [main] INFO  com.tareas.Main - 1. Registrar tarea
2026-02-05 14:47:00.254 [main] INFO  com.tareas.Main - 2. Listar tareas
2026-02-05 14:47:00.254 [main] INFO  com.tareas.Main - 3. Buscar por id tarea
2026-02-05 14:47:00.254 [main] INFO  com.tareas.Main - 4. Cambiar estado de tarea
2026-02-05 14:47:00.254 [main] INFO  com.tareas.Main - 5. Eliminar tarea por ID
2026-02-05 14:47:00.254 [main] INFO  com.tareas.Main - 6. Salir
2026-02-05 14:47:00.255 [main] INFO  com.tareas.Main - Selecciona opción
2026-02-05 14:47:02.687 [main] INFO  com.service.ServicioTareaI - Ingresa la tarea a crear
2026-02-05 14:47:02.689 [main] INFO  com.service.ServicioTareaI - Ingresa el nombre de la tarea
2026-02-05 14:47:11.909 [main] INFO  com.service.ServicioTareaI - Ingresa el estado  de la tarea
2026-02-05 14:47:18.588 [main] INFO  com.tareas.Main - 1. Registrar tarea
2026-02-05 14:47:18.589 [main] INFO  com.tareas.Main - 2. Listar tareas
2026-02-05 14:47:18.589 [main] INFO  com.tareas.Main - 3. Buscar por id tarea
2026-02-05 14:47:18.590 [main] INFO  com.tareas.Main - 4. Cambiar estado de tarea
2026-02-05 14:47:18.590 [main] INFO  com.tareas.Main - 5. Eliminar tarea por ID
2026-02-05 14:47:18.591 [main] INFO  com.tareas.Main - 6. Salir
2026-02-05 14:47:18.591 [main] INFO  com.tareas.Main - Selecciona opción
2026-02-05 14:47:23.029 [main] INFO  com.service.ServicioTareaI - Ingrese el id de la tarea a modificar
2026-02-05 14:47:25.622 [main] INFO  com.service.ServicioTareaI - Ingresa el nuevo estado de la tarea
2026-02-05 14:47:31.429 [main] INFO  com.service.ServicioTareaI - tarea actualizada exitosamente
2026-02-05 14:47:31.430 [main] INFO  com.tareas.Main - 1. Registrar tarea
2026-02-05 14:47:31.430 [main] INFO  com.tareas.Main - 2. Listar tareas
2026-02-05 14:47:31.431 [main] INFO  com.tareas.Main - 3. Buscar por id tarea
2026-02-05 14:47:31.432 [main] INFO  com.tareas.Main - 4. Cambiar estado de tarea
2026-02-05 14:47:31.433 [main] INFO  com.tareas.Main - 5. Eliminar tarea por ID
2026-02-05 14:47:31.433 [main] INFO  com.tareas.Main - 6. Salir
2026-02-05 14:47:31.434 [main] INFO  com.tareas.Main - Selecciona opción
2026-02-05 14:48:03.508 [main] INFO  com.service.ServicioTareaI - Ingresa el id de la tarea a eliminar
2026-02-05 14:48:05.613 [main] INFO  com.service.ServicioTareaI - tarea eliminada exitosamente
2026-02-05 14:48:05.614 [main] INFO  com.tareas.Main - 1. Registrar tarea
2026-02-05 14:48:05.615 [main] INFO  com.tareas.Main - 2. Listar tareas
2026-02-05 14:48:05.616 [main] INFO  com.tareas.Main - 3. Buscar por id tarea
2026-02-05 14:48:05.617 [main] INFO  com.tareas.Main - 4. Cambiar estado de tarea
2026-02-05 14:48:05.617 [main] INFO  com.tareas.Main - 5. Eliminar tarea por ID
2026-02-05 14:48:05.618 [main] INFO  com.tareas.Main - 6. Salir
2026-02-05 14:48:05.619 [main] INFO  com.tareas.Main - Selecciona opción
2026-02-05 14:52:14.972 [main] INFO  com.tareas.Main - Tareas
2026-02-05 14:52:14.975 [main] INFO  com.tareas.Main - 1. Registrar tarea
2026-02-05 14:52:14.976 [main] INFO  com.tareas.Main - 2. Listar tareas
2026-02-05 14:52:14.976 [main] INFO  com.tareas.Main - 3. Buscar por id tarea
2026-02-05 14:52:14.977 [main] INFO  com.tareas.Main - 4. Cambiar estado de tarea
2026-02-05 14:52:14.977 [main] INFO  com.tareas.Main - 5. Eliminar tarea por ID
2026-02-05 14:52:14.977 [main] INFO  com.tareas.Main - 6. Salir
2026-02-05 14:52:14.978 [main] INFO  com.tareas.Main - Selecciona opción
2026-02-05 14:52:17.397 [main] INFO  com.service.ServicioTareaI - Ingresa la tarea a crear
2026-02-05 14:52:17.398 [main] INFO  com.service.ServicioTareaI - Ingresa el nombre de la tarea
2026-02-05 14:52:18.276 [main] INFO  com.service.ServicioTareaI - Ingresa el estado  de la tarea
2026-02-05 14:52:21.308 [main] ERROR com.service.ServicioTareaI - Los datos no pueden estar vacíos
2026-02-05 14:52:21.309 [main] INFO  com.tareas.Main - 1. Registrar tarea
2026-02-05 14:52:21.310 [main] INFO  com.tareas.Main - 2. Listar tareas
2026-02-05 14:52:21.311 [main] INFO  com.tareas.Main - 3. Buscar por id tarea
2026-02-05 14:52:21.311 [main] INFO  com.tareas.Main - 4. Cambiar estado de tarea
2026-02-05 14:52:21.312 [main] INFO  com.tareas.Main - 5. Eliminar tarea por ID
2026-02-05 14:52:21.312 [main] INFO  com.tareas.Main - 6. Salir
2026-02-05 14:52:21.313 [main] INFO  com.tareas.Main - Selecciona opción
2026-02-05 14:53:25.668 [main] INFO  com.tareas.Main - Tareas
2026-02-05 14:53:25.672 [main] INFO  com.tareas.Main - 1. Registrar tarea
2026-02-05 14:53:25.672 [main] INFO  com.tareas.Main - 2. Listar tareas
2026-02-05 14:53:25.672 [main] INFO  com.tareas.Main - 3. Buscar por id tarea
2026-02-05 14:53:25.672 [main] INFO  com.tareas.Main - 4. Cambiar estado de tarea
2026-02-05 14:53:25.673 [main] INFO  com.tareas.Main - 5. Eliminar tarea por ID
2026-02-05 14:53:25.673 [main] INFO  com.tareas.Main - 6. Salir
2026-02-05 14:53:25.673 [main] INFO  com.tareas.Main - Selecciona opción
2026-02-05 14:53:28.283 [main] INFO  com.service.ServicioTareaI - Ingresa la tarea a crear
2026-02-05 14:53:28.284 [main] INFO  com.service.ServicioTareaI - Ingresa el nombre de la tarea
2026-02-05 14:53:30.124 [main] INFO  com.service.ServicioTareaI - Ingresa el estado  de la tarea
2026-02-05 14:53:31.003 [main] ERROR com.service.ServicioTareaI - Los datos no pueden estar vacíos
2026-02-05 14:53:31.004 [main] INFO  com.tareas.Main - 1. Registrar tarea
2026-02-05 14:53:31.005 [main] INFO  com.tareas.Main - 2. Listar tareas
2026-02-05 14:53:31.005 [main] INFO  com.tareas.Main - 3. Buscar por id tarea
2026-02-05 14:53:31.006 [main] INFO  com.tareas.Main - 4. Cambiar estado de tarea
2026-02-05 14:53:31.006 [main] INFO  com.tareas.Main - 5. Eliminar tarea por ID
2026-02-05 14:53:31.007 [main] INFO  com.tareas.Main - 6. Salir
2026-02-05 14:53:31.007 [main] INFO  com.tareas.Main - Selecciona opción
